<?xml version="1.0" encoding="UTF-8"?>
<testng-results skipped="0" failed="0" total="1" passed="1">
  <reporter-output>
  </reporter-output>
  <suite name="Run Test Cukes" duration-ms="153672" started-at="2022-08-30T15:17:12Z" finished-at="2022-08-30T15:19:45Z">
    <groups>
      <group name="cucumber">
        <method signature="AbstractTestNGCucumberTests.feature(cucumber.api.testng.CucumberFeatureWrapper)[pri:0, instance:com.CucumberCraft.TestNGrunners.TestRunner@25a65b77]" name="Smoke Test on Web - feature - " class="cucumber.api.testng.AbstractTestNGCucumberTests"/>
      </group> <!-- cucumber -->
    </groups>
    <test name="Smoke Test on Web" duration-ms="153672" started-at="2022-08-30T15:17:12Z" finished-at="2022-08-30T15:19:45Z">
      <class name="com.CucumberCraft.TestNGrunners.TestRunner">
        <test-method status="PASS" signature="setUpClass()[pri:0, instance:com.CucumberCraft.TestNGrunners.TestRunner@25a65b77]" name="setUpClass" is-config="true" duration-ms="203" started-at="2022-08-30T22:17:12Z" finished-at="2022-08-30T22:17:12Z">
          <reporter-output>
          </reporter-output>
        </test-method> <!-- setUpClass -->
        <test-method status="PASS" signature="feature(cucumber.api.testng.CucumberFeatureWrapper)[pri:0, instance:com.CucumberCraft.TestNGrunners.TestRunner@25a65b77]" name="Smoke Test on Web - feature - " duration-ms="152598" started-at="2022-08-30T22:17:12Z" description="Runs Cucumber Feature" data-provider="features" finished-at="2022-08-30T22:19:45Z">
          <params>
            <param index="0">
              <value>
                <![CDATA[Export Weather Data]]>
              </value>
            </param>
          </params>
          <reporter-output>
          </reporter-output>
        </test-method> <!-- Smoke Test on Web - feature -  -->
        <test-method status="PASS" signature="tearDownClass()[pri:0, instance:com.CucumberCraft.TestNGrunners.TestRunner@25a65b77]" name="tearDownClass" is-config="true" duration-ms="91" started-at="2022-08-30T22:19:45Z" finished-at="2022-08-30T22:19:45Z">
          <reporter-output>
          </reporter-output>
        </test-method> <!-- tearDownClass -->
        <test-method status="PASS" signature="test()[pri:0, instance:com.CucumberCraft.TestNGrunners.TestRunner@25a65b77]" name="test" is-config="true" duration-ms="613" started-at="2022-08-30T22:19:45Z" finished-at="2022-08-30T22:19:45Z">
          <reporter-output>
          </reporter-output>
        </test-method> <!-- test -->
      </class> <!-- com.CucumberCraft.TestNGrunners.TestRunner -->
    </test> <!-- Smoke Test on Web -->
  </suite> <!-- Run Test Cukes -->
</testng-results>
